<?xml version="1.0" encoding="UTF-8"?>
<beans xmlns="http://www.springframework.org/schema/beans"
	xmlns:xsi="http://www.w3.org/2001/XMLSchema-instance"
	xmlns:mybatis-spring="http://mybatis.org/schema/mybatis-spring"
	xmlns:tx="http://www.springframework.org/schema/tx"
	xsi:schemaLocation="http://mybatis.org/schema/mybatis-spring http://mybatis.org/schema/mybatis-spring.xsd
		http://www.springframework.org/schema/beans http://www.springframework.org/schema/beans/spring-beans.xsd
		http://www.springframework.org/schema/tx http://www.springframework.org/schema/tx/spring-tx-4.3.xsd">

	
	<!-- DataSource(Connection Pool) 설정 -->
	<bean id="dataSource"
			class = "org.apache.commons.dbcp2.BasicDataSource"
			destroy-method="close">
			
			<!-- 로그를 찍기위해 로거 설정 -->
			<property name="driverClassName" value = "net.sf.log4jdbc.DriverSpy"></property>		
			<property name="url" value="jdbc:log4jdbc:oracle:thin:@localhost:1521:xe"></property>
			<property name="username" value="subak"></property>
			<property name="password" value="1234"></property>

			<property name="initialSize" value="2"></property>	
			<property name="maxTotal" value="4"></property>	
			<property name="maxIdle" value="2"></property>	
	</bean>
	
	<!-- Mybatis 설정 파일의 위치를 설정 -->
	<bean id="sqlSessionFactory"
		class="org.mybatis.spring.SqlSessionFactoryBean">
		<property name="dataSource" ref="dataSource"></property>
		<property name="configLocation" value="classpath:mybatis/mapper-config.xml" /> <!-- config 파일의 위치 -->
		<property name="mapperLocations" value="classpath:mybatis/mapper/*.xml" /><!-- 매퍼들의 위치 -->
	</bean>

	<!-- @Mapper를 사용하기 위한 설정 : 관리객체를 생성시키는 역할, 마이바티스가 제공하는 마크업 랭기지를 써야함, 네임스페이스 
		선언해야함 -->
	<mybatis-spring:scan
		base-package="subak.example.subak.dao"
		annotation="org.apache.ibatis.annotations.Mapper" />

	<bean id="transactionManager" class="org.springframework.jdbc.datasource.DataSourceTransactionManager">
        <property name="dataSource" ref="dataSource"/>
    </bean>
    
    <!-- 트랜잭션 애노테이션 활성화 -->
    <tx:annotation-driven transaction-manager="transactionManager"/>

</beans>